<?xml version="1.0" encoding="UTF-8"?>
<!-- Generated by org.testng.reporters.JUnitReportReporter -->
<testsuite hostname="GayuRadhekrishna" failures="0" tests="1" name="TestNGPRactice" time="6.196" errors="0" timestamp="2023-08-12T21:23:25 IST" skipped="0">
  <testcase classname="TestNGPRactice" name="basicLocators" time="6.196"/>
</testsuite> <!-- TestNGPRactice -->
